<?xml version="1.0" encoding="UTF-8"?>
<!-- Generated by org.testng.reporters.JUnitReportReporter -->
<testsuite skipped="0" hostname="DESKTOP-H5MGN3S" name="com.test.testcases.LoginTest" tests="3" failures="0" timestamp="05 Jan 2019 20:18:56 GMT" time="21.299" errors="0">
  <testcase name="loginPageTitle" time="5.886" classname="com.test.testcases.LoginTest"/>
  <testcase name="LogoimmageTest" time="7.048" classname="com.test.testcases.LoginTest"/>
  <testcase name="loginTest" time="8.365" classname="com.test.testcases.LoginTest"/>
</testsuite> <!-- com.test.testcases.LoginTest -->
